<?xml version="1.0" encoding="UTF-8"?>
<testsuite name="org.zerock.board.service.ReplyServiceTests" tests="1" skipped="0" failures="0" errors="0" timestamp="2024-08-02T03:28:08" hostname="DESKTOP-28J1KHI" time="0.473">
  <properties/>
  <testcase name="testGetList()" classname="org.zerock.board.service.ReplyServiceTests" time="0.473"/>
  <system-out><![CDATA[12:28:04.360 [Test worker] INFO org.springframework.test.context.support.AnnotationConfigContextLoaderUtils -- Could not detect default configuration classes for test class [org.zerock.board.service.ReplyServiceTests]: ReplyServiceTests does not declare any static, non-private, non-final, nested classes annotated with @Configuration.
12:28:04.446 [Test worker] INFO org.springframework.boot.test.context.SpringBootTestContextBootstrapper -- Found @SpringBootConfiguration org.zerock.board.BoardApplication for test class org.zerock.board.service.ReplyServiceTests

  .   ____          _            __ _ _
 /\\ / ___'_ __ _ _(_)_ __  __ _ \ \ \ \
( ( )\___ | '_ | '_| | '_ \/ _` | \ \ \ \
 \\/  ___)| |_)| | | | | || (_| |  ) ) ) )
  '  |____| .__|_| |_|_| |_\__, | / / / /
 =========|_|==============|___/=/_/_/_/

 :: Spring Boot ::                (v3.3.2)

2024-08-02T12:28:04.698+09:00  INFO 9948 --- [board] [    Test worker] o.z.board.service.ReplyServiceTests      : Starting ReplyServiceTests using Java 17.0.10 with PID 9948 (started by User in D:\java\springboot\board)
2024-08-02T12:28:04.699+09:00  INFO 9948 --- [board] [    Test worker] o.z.board.service.ReplyServiceTests      : No active profile set, falling back to 1 default profile: "default"
2024-08-02T12:28:05.186+09:00  INFO 9948 --- [board] [    Test worker] .s.d.r.c.RepositoryConfigurationDelegate : Bootstrapping Spring Data JPA repositories in DEFAULT mode.
2024-08-02T12:28:05.249+09:00  INFO 9948 --- [board] [    Test worker] .s.d.r.c.RepositoryConfigurationDelegate : Finished Spring Data repository scanning in 56 ms. Found 3 JPA repository interfaces.
2024-08-02T12:28:05.729+09:00  INFO 9948 --- [board] [    Test worker] o.hibernate.jpa.internal.util.LogHelper  : HHH000204: Processing PersistenceUnitInfo [name: default]
2024-08-02T12:28:05.769+09:00  INFO 9948 --- [board] [    Test worker] org.hibernate.Version                    : HHH000412: Hibernate ORM core version 6.5.2.Final
2024-08-02T12:28:05.794+09:00  INFO 9948 --- [board] [    Test worker] o.h.c.internal.RegionFactoryInitiator    : HHH000026: Second-level cache disabled
2024-08-02T12:28:06.026+09:00  INFO 9948 --- [board] [    Test worker] o.s.o.j.p.SpringPersistenceUnitInfo      : No LoadTimeWeaver setup: ignoring JPA class transformer
2024-08-02T12:28:06.051+09:00  INFO 9948 --- [board] [    Test worker] com.zaxxer.hikari.HikariDataSource       : HikariPool-1 - Starting...
2024-08-02T12:28:06.260+09:00  INFO 9948 --- [board] [    Test worker] com.zaxxer.hikari.pool.HikariPool        : HikariPool-1 - Added connection com.mysql.cj.jdbc.ConnectionImpl@1cb44a2f
2024-08-02T12:28:06.262+09:00  INFO 9948 --- [board] [    Test worker] com.zaxxer.hikari.HikariDataSource       : HikariPool-1 - Start completed.
2024-08-02T12:28:06.951+09:00  INFO 9948 --- [board] [    Test worker] o.h.e.t.j.p.i.JtaPlatformInitiator       : HHH000489: No JTA platform available (set 'hibernate.transaction.jta.platform' to enable JTA platform integration)
2024-08-02T12:28:07.000+09:00  INFO 9948 --- [board] [    Test worker] j.LocalContainerEntityManagerFactoryBean : Initialized JPA EntityManagerFactory for persistence unit 'default'
2024-08-02T12:28:07.322+09:00  INFO 9948 --- [board] [    Test worker] o.s.d.j.r.query.QueryEnhancerFactory     : Hibernate is in classpath; If applicable, HQL parser will be used.
2024-08-02T12:28:08.093+09:00  WARN 9948 --- [board] [    Test worker] JpaBaseConfiguration$JpaWebConfiguration : spring.jpa.open-in-view is enabled by default. Therefore, database queries may be performed during view rendering. Explicitly configure spring.jpa.open-in-view to disable this warning
2024-08-02T12:28:08.128+09:00  INFO 9948 --- [board] [    Test worker] o.s.b.a.w.s.WelcomePageHandlerMapping    : Adding welcome page: class path resource [static/index.html]
2024-08-02T12:28:08.629+09:00  INFO 9948 --- [board] [    Test worker] o.z.board.service.ReplyServiceTests      : Started ReplyServiceTests in 4.072 seconds (process running for 4.873)
Hibernate: 
    select
        r1_0.rno,
        r1_0.board_bno,
        r1_0.moddate,
        r1_0.regdate,
        r1_0.replyer,
        r1_0.text 
    from
        reply r1_0 
    where
        r1_0.board_bno=? 
    order by
        r1_0.rno
ReplyDTO(rno=75, text=Reply........65, replyer=guest, bno=null, regDate=2024-08-01T14:16:35.917727, modDate=null)
]]></system-out>
  <system-err><![CDATA[]]></system-err>
</testsuite>
