<?xml version="1.0" encoding="UTF-8"?>
<testsuite name="org_zerock.ex2.repository.MemoRepositoryTests" tests="1" skipped="0" failures="0" errors="0" timestamp="2024-07-30T01:57:34" hostname="DESKTOP-28J1KHI" time="0.755">
  <properties/>
  <testcase name="testQuerydsl()" classname="org_zerock.ex2.repository.MemoRepositoryTests" time="0.755"/>
  <system-out><![CDATA[10:57:29.944 [Test worker] INFO org.springframework.test.context.support.AnnotationConfigContextLoaderUtils -- Could not detect default configuration classes for test class [org_zerock.ex2.repository.MemoRepositoryTests]: MemoRepositoryTests does not declare any static, non-private, non-final, nested classes annotated with @Configuration.
10:57:30.038 [Test worker] INFO org.springframework.boot.test.context.SpringBootTestContextBootstrapper -- Found @SpringBootConfiguration org_zerock.ex2.Ex2Application for test class org_zerock.ex2.repository.MemoRepositoryTests

  .   ____          _            __ _ _
 /\\ / ___'_ __ _ _(_)_ __  __ _ \ \ \ \
( ( )\___ | '_ | '_| | '_ \/ _` | \ \ \ \
 \\/  ___)| |_)| | | | | || (_| |  ) ) ) )
  '  |____| .__|_| |_|_| |_\__, | / / / /
 =========|_|==============|___/=/_/_/_/

 :: Spring Boot ::                (v3.3.2)

2024-07-30T10:57:30.325+09:00  INFO 41600 --- [ex2] [    Test worker] o.ex2.repository.MemoRepositoryTests     : Starting MemoRepositoryTests using Java 17.0.10 with PID 41600 (started by User in D:\java\springboot\ex2)
2024-07-30T10:57:30.327+09:00  INFO 41600 --- [ex2] [    Test worker] o.ex2.repository.MemoRepositoryTests     : No active profile set, falling back to 1 default profile: "default"
2024-07-30T10:57:30.837+09:00  INFO 41600 --- [ex2] [    Test worker] .s.d.r.c.RepositoryConfigurationDelegate : Bootstrapping Spring Data JPA repositories in DEFAULT mode.
2024-07-30T10:57:30.897+09:00  INFO 41600 --- [ex2] [    Test worker] .s.d.r.c.RepositoryConfigurationDelegate : Finished Spring Data repository scanning in 49 ms. Found 1 JPA repository interface.
2024-07-30T10:57:31.296+09:00  INFO 41600 --- [ex2] [    Test worker] o.hibernate.jpa.internal.util.LogHelper  : HHH000204: Processing PersistenceUnitInfo [name: default]
2024-07-30T10:57:31.344+09:00  INFO 41600 --- [ex2] [    Test worker] org.hibernate.Version                    : HHH000412: Hibernate ORM core version 6.5.2.Final
2024-07-30T10:57:31.387+09:00  INFO 41600 --- [ex2] [    Test worker] o.h.c.internal.RegionFactoryInitiator    : HHH000026: Second-level cache disabled
2024-07-30T10:57:31.669+09:00  INFO 41600 --- [ex2] [    Test worker] o.s.o.j.p.SpringPersistenceUnitInfo      : No LoadTimeWeaver setup: ignoring JPA class transformer
2024-07-30T10:57:31.706+09:00  INFO 41600 --- [ex2] [    Test worker] com.zaxxer.hikari.HikariDataSource       : HikariPool-1 - Starting...
2024-07-30T10:57:31.710+09:00  WARN 41600 --- [ex2] [    Test worker] c.zaxxer.hikari.util.DriverDataSource    : Registered driver with driverClassName=com.mysql.jdbc.Driver was not found, trying direct instantiation.
2024-07-30T10:57:31.940+09:00  INFO 41600 --- [ex2] [    Test worker] com.zaxxer.hikari.pool.HikariPool        : HikariPool-1 - Added connection com.mysql.cj.jdbc.ConnectionImpl@4db6348b
2024-07-30T10:57:31.943+09:00  INFO 41600 --- [ex2] [    Test worker] com.zaxxer.hikari.HikariDataSource       : HikariPool-1 - Start completed.
2024-07-30T10:57:32.655+09:00  INFO 41600 --- [ex2] [    Test worker] o.h.e.t.j.p.i.JtaPlatformInitiator       : HHH000489: No JTA platform available (set 'hibernate.transaction.jta.platform' to enable JTA platform integration)
2024-07-30T10:57:32.687+09:00  INFO 41600 --- [ex2] [    Test worker] j.LocalContainerEntityManagerFactoryBean : Initialized JPA EntityManagerFactory for persistence unit 'default'
2024-07-30T10:57:32.827+09:00  WARN 41600 --- [ex2] [    Test worker] JpaBaseConfiguration$JpaWebConfiguration : spring.jpa.open-in-view is enabled by default. Therefore, database queries may be performed during view rendering. Explicitly configure spring.jpa.open-in-view to disable this warning
2024-07-30T10:57:33.663+09:00  INFO 41600 --- [ex2] [    Test worker] o.s.d.j.r.query.QueryEnhancerFactory     : Hibernate is in classpath; If applicable, HQL parser will be used.
2024-07-30T10:57:34.413+09:00  INFO 41600 --- [ex2] [    Test worker] o.ex2.repository.MemoRepositoryTests     : Started MemoRepositoryTests in 4.241 seconds (process running for 5.162)
Hibernate: 
    select
        m1_0.mno,
        m1_0.memo_text 
    from
        tbl_memo m1_0 
    where
        m1_0.memo_text like ? escape '!' 
    limit
        ?, ?
Hibernate: 
    select
        count(m1_0.mno) 
    from
        tbl_memo m1_0 
    where
        m1_0.memo_text like ? escape '!'
Memo(mno=9, memoText=Sample...9)
Memo(mno=19, memoText=Sample...19)
Memo(mno=29, memoText=Sample...29)
Memo(mno=39, memoText=Sample...39)
Memo(mno=49, memoText=Sample...49)
Memo(mno=59, memoText=Sample...59)
Memo(mno=69, memoText=Sample...69)
Memo(mno=79, memoText=Sample...79)
Memo(mno=89, memoText=Sample...89)
Memo(mno=90, memoText=Sample...90)
]]></system-out>
  <system-err><![CDATA[Loading class `com.mysql.jdbc.Driver'. This is deprecated. The new driver class is `com.mysql.cj.jdbc.Driver'. The driver is automatically registered via the SPI and manual loading of the driver class is generally unnecessary.
]]></system-err>
</testsuite>
