<?xml version="1.0" encoding="UTF-8"?>
<testsuite name="org.zerock.club.security.JWTTests" tests="1" skipped="0" failures="0" errors="0" timestamp="2024-08-08T05:35:01" hostname="DESKTOP-28J1KHI" time="5.439">
  <properties/>
  <testcase name="testValidate()" classname="org.zerock.club.security.JWTTests" time="5.439"/>
  <system-out><![CDATA[14:34:55.931 [Test worker] INFO org.springframework.test.context.support.AnnotationConfigContextLoaderUtils -- Could not detect default configuration classes for test class [org.zerock.club.security.JWTTests]: JWTTests does not declare any static, non-private, non-final, nested classes annotated with @Configuration.
14:34:56.030 [Test worker] INFO org.springframework.boot.test.context.SpringBootTestContextBootstrapper -- Found @SpringBootConfiguration org.zerock.club.ClubApplication for test class org.zerock.club.security.JWTTests

  .   ____          _            __ _ _
 /\\ / ___'_ __ _ _(_)_ __  __ _ \ \ \ \
( ( )\___ | '_ | '_| | '_ \/ _` | \ \ \ \
 \\/  ___)| |_)| | | | | || (_| |  ) ) ) )
  '  |____| .__|_| |_|_| |_\__, | / / / /
 =========|_|==============|___/=/_/_/_/

 :: Spring Boot ::                (v3.3.2)

2024-08-08T14:34:56.322+09:00  INFO 18288 --- [club] [    Test worker] org.zerock.club.security.JWTTests        : Starting JWTTests using Java 17.0.10 with PID 18288 (started by User in D:\java\springboot\club)
2024-08-08T14:34:56.322+09:00 DEBUG 18288 --- [club] [    Test worker] org.zerock.club.security.JWTTests        : Running with Spring Boot v3.3.2, Spring v6.1.11
2024-08-08T14:34:56.323+09:00  INFO 18288 --- [club] [    Test worker] org.zerock.club.security.JWTTests        : The following 1 profile is active: "oauth"
2024-08-08T14:34:56.944+09:00  INFO 18288 --- [club] [    Test worker] .s.d.r.c.RepositoryConfigurationDelegate : Bootstrapping Spring Data JPA repositories in DEFAULT mode.
2024-08-08T14:34:57.009+09:00  INFO 18288 --- [club] [    Test worker] .s.d.r.c.RepositoryConfigurationDelegate : Finished Spring Data repository scanning in 55 ms. Found 2 JPA repository interfaces.
2024-08-08T14:34:57.663+09:00  INFO 18288 --- [club] [    Test worker] o.hibernate.jpa.internal.util.LogHelper  : HHH000204: Processing PersistenceUnitInfo [name: default]
2024-08-08T14:34:57.774+09:00  INFO 18288 --- [club] [    Test worker] org.hibernate.Version                    : HHH000412: Hibernate ORM core version 6.5.2.Final
2024-08-08T14:34:57.850+09:00  INFO 18288 --- [club] [    Test worker] o.h.c.internal.RegionFactoryInitiator    : HHH000026: Second-level cache disabled
2024-08-08T14:34:58.225+09:00  INFO 18288 --- [club] [    Test worker] o.s.o.j.p.SpringPersistenceUnitInfo      : No LoadTimeWeaver setup: ignoring JPA class transformer
2024-08-08T14:34:58.252+09:00  INFO 18288 --- [club] [    Test worker] com.zaxxer.hikari.HikariDataSource       : HikariPool-1 - Starting...
2024-08-08T14:34:58.479+09:00  INFO 18288 --- [club] [    Test worker] com.zaxxer.hikari.pool.HikariPool        : HikariPool-1 - Added connection com.mysql.cj.jdbc.ConnectionImpl@5ffd35dd
2024-08-08T14:34:58.481+09:00  INFO 18288 --- [club] [    Test worker] com.zaxxer.hikari.HikariDataSource       : HikariPool-1 - Start completed.
2024-08-08T14:34:59.276+09:00  INFO 18288 --- [club] [    Test worker] o.h.e.t.j.p.i.JtaPlatformInitiator       : HHH000489: No JTA platform available (set 'hibernate.transaction.jta.platform' to enable JTA platform integration)
2024-08-08T14:34:59.337+09:00  INFO 18288 --- [club] [    Test worker] j.LocalContainerEntityManagerFactoryBean : Initialized JPA EntityManagerFactory for persistence unit 'default'
2024-08-08T14:34:59.653+09:00  INFO 18288 --- [club] [    Test worker] o.s.d.j.r.query.QueryEnhancerFactory     : Hibernate is in classpath; If applicable, HQL parser will be used.
2024-08-08T14:35:00.347+09:00  WARN 18288 --- [club] [    Test worker] JpaBaseConfiguration$JpaWebConfiguration : spring.jpa.open-in-view is enabled by default. Therefore, database queries may be performed during view rendering. Explicitly configure spring.jpa.open-in-view to disable this warning
2024-08-08T14:35:00.391+09:00  INFO 18288 --- [club] [    Test worker] r$InitializeUserDetailsManagerConfigurer : Global AuthenticationManager configured with UserDetailsService bean with name clubUserDetailsService
2024-08-08T14:35:00.955+09:00 DEBUG 18288 --- [club] [    Test worker] o.s.s.web.DefaultSecurityFilterChain     : Will secure any request with filters: DisableEncodeUrlFilter, WebAsyncManagerIntegrationFilter, SecurityContextHolderFilter, HeaderWriterFilter, CorsFilter, LogoutFilter, OAuth2AuthorizationRequestRedirectFilter, OAuth2LoginAuthenticationFilter, ApicheckFilter, ApiLoginFilter, UsernamePasswordAuthenticationFilter, DefaultLoginPageGeneratingFilter, DefaultLogoutPageGeneratingFilter, RequestCacheAwareFilter, SecurityContextHolderAwareRequestFilter, RememberMeAuthenticationFilter, AnonymousAuthenticationFilter, ExceptionTranslationFilter
2024-08-08T14:35:01.425+09:00  INFO 18288 --- [club] [    Test worker] org.zerock.club.security.JWTTests        : Started JWTTests in 5.268 seconds (process running for 6.171)
testBefore................
2024-08-08T14:35:06.871+09:00  INFO 18288 --- [club] [    Test worker] org.zerock.club.util.JWTUtil             : header={alg=HS256},payload={iat=1723095301, exp=1725687301, sub=user95@zerock.org},signature=hu2lSl9nlT0rCSYQqbAnhhnC0WNWJqf0OEGGobThaS0
2024-08-08T14:35:06.871+09:00  INFO 18288 --- [club] [    Test worker] org.zerock.club.util.JWTUtil             : class io.jsonwebtoken.impl.DefaultClaims
user95@zerock.org
]]></system-out>
  <system-err><![CDATA[]]></system-err>
</testsuite>
