<?xml version="1.0" encoding="UTF-8"?>
<testsuite name="org_zerock.ex1.Ex1ApplicationTests" tests="1" skipped="0" failures="0" errors="0" timestamp="2024-07-29T02:02:57" hostname="DESKTOP-28J1KHI" time="0.585">
  <properties/>
  <testcase name="contextLoads()" classname="org_zerock.ex1.Ex1ApplicationTests" time="0.585"/>
  <system-out><![CDATA[11:02:56.000 [Test worker] INFO org.springframework.test.context.support.AnnotationConfigContextLoaderUtils -- Could not detect default configuration classes for test class [org_zerock.ex1.Ex1ApplicationTests]: Ex1ApplicationTests does not declare any static, non-private, non-final, nested classes annotated with @Configuration.
11:02:56.088 [Test worker] INFO org.springframework.boot.test.context.SpringBootTestContextBootstrapper -- Found @SpringBootConfiguration org_zerock.ex1.Ex1Application for test class org_zerock.ex1.Ex1ApplicationTests

  .   ____          _            __ _ _
 /\\ / ___'_ __ _ _(_)_ __  __ _ \ \ \ \
( ( )\___ | '_ | '_| | '_ \/ _` | \ \ \ \
 \\/  ___)| |_)| | | | | || (_| |  ) ) ) )
  '  |____| .__|_| |_|_| |_\__, | / / / /
 =========|_|==============|___/=/_/_/_/

 :: Spring Boot ::                (v3.3.2)

2024-07-29T11:02:56.409+09:00  INFO 32672 --- [ex1] [    Test worker] org_zerock.ex1.Ex1ApplicationTests       : Starting Ex1ApplicationTests using Java 17.0.10 with PID 32672 (started by User in D:\java\springboot\ex1)
2024-07-29T11:02:56.411+09:00  INFO 32672 --- [ex1] [    Test worker] org_zerock.ex1.Ex1ApplicationTests       : No active profile set, falling back to 1 default profile: "default"
2024-07-29T11:02:57.584+09:00  INFO 32672 --- [ex1] [    Test worker] org_zerock.ex1.Ex1ApplicationTests       : Started Ex1ApplicationTests in 1.357 seconds (process running for 2.256)
Hello World
]]></system-out>
  <system-err><![CDATA[]]></system-err>
</testsuite>
